<!DOCTYPE html PUBLIC "-//W3C//DTD XHTML 1.1//EN" "http://www.w3.org/TR/xhtml11/DTD/xhtml11.dtd">
<html xmlns="http://www.w3.org/1999/xhtml"><head><title>TestNG Report</title><style type="text/css">table {margin-bottom:10px;border-collapse:collapse;empty-cells:show}th,td {border:1px solid #009;padding:.25em .5em}th {vertical-align:bottom}td {vertical-align:top}table a {font-weight:bold}.stripe td {background-color: #E6EBF9}.num {text-align:right}.passedodd td {background-color: #3F3}.passedeven td {background-color: #0A0}.skippedodd td {background-color: #DDD}.skippedeven td {background-color: #CCC}.failedodd td,.attn {background-color: #F33}.failedeven td,.stripe .attn {background-color: #D00}.stacktrace {white-space:pre;font-family:monospace}.totop {font-size:85%;text-align:center;border-bottom:2px solid #000}</style></head><body><table><tr><th>Test</th><th># Passed</th><th># Skipped</th><th># Failed</th><th>Time (ms)</th><th>Included Groups</th><th>Excluded Groups</th></tr><tr><th colspan="7">Page Object Model with Page Factories</th></tr><tr><td><a href="#t0">Sign in Test</a></td><td class="num">1</td><td class="num attn">1</td><td class="num">0</td><td class="num">14,119</td><td></td><td></td></tr><tr class="stripe"><td><a href="#t1">Flight Search Test</a></td><td class="num">0</td><td class="num">0</td><td class="num attn">1</td><td class="num">434,524</td><td></td><td></td></tr><tr><th>Total</th><th class="num">1</th><th class="num attn">1</th><th class="num attn">1</th><th class="num">448,643</th><th colspan="2"></th></tr></table><table id='summary'><thead><tr><th>Class</th><th>Method</th><th>Start</th><th>Time (ms)</th></tr></thead><tbody><tr><th colspan="4">Page Object Model with Page Factories</th></tr></tbody><tbody id="t0"><tr><th colspan="4">Sign in Test &#8212; skipped</th></tr><tr class="skippedeven"><td rowspan="1">com.frankbahar.testcases.SignInTest</td><td><a href="#m0">signInTest</a></td><td rowspan="1">1559110898987</td><td rowspan="1">8</td></tr><tr><th colspan="4">Sign in Test &#8212; passed</th></tr><tr class="passedeven"><td rowspan="1">com.frankbahar.testcases.SignInTest</td><td><a href="#m1">signInTest</a></td><td rowspan="1">1559110899240</td><td rowspan="1">12892</td></tr></tbody><tbody id="t1"><tr><th colspan="4">Flight Search Test &#8212; failed</th></tr><tr class="failedeven"><td rowspan="1">com.frankbahar.testcases.FlightSearchTest</td><td><a href="#m2">flightSearchTest</a></td><td rowspan="1">1559110925222</td><td rowspan="1">432106</td></tr></tbody></table><h2>Sign in Test</h2><h3 id="m0">com.frankbahar.testcases.SignInTest#signInTest</h3><table class="result"><tr class="param"><th>Parameter #1</th></tr><tr class="param stripe"><td>{password=Selenium@123, runmode=N, username=frankbahar07@gmail.com}</td></tr><tr><th>Exception</th></tr><tr><td><div class="stacktrace">org.testng.SkipException: Skipping the test as the Run Mode is NO
	at com.frankbahar.testcases.SignInTest.signInTest(SignInTest.java:20)
... Removed 28 stack frames</div></td></tr></table><p class="totop"><a href="#summary">back to summary</a></p><h3 id="m1">com.frankbahar.testcases.SignInTest#signInTest</h3><table class="result"><tr class="param"><th>Parameter #1</th></tr><tr class="param stripe"><td>{password=1231313.0, runmode=Y, username=java@gmail.com}</td></tr></table><p class="totop"><a href="#summary">back to summary</a></p><h2>Flight Search Test</h2><h3 id="m2">com.frankbahar.testcases.FlightSearchTest#flightSearchTest</h3><table class="result"><tr class="param"><th>Parameter #1</th></tr><tr class="param stripe"><td>{returning=6/15/19, departing=6/10/19, runmode=Y, noOfChildren=0.0, noOfAdults=2.0, to=Cancun, Quintana Roo, Mexico (CUN), from=New York, United States of America (NYC)}</td></tr><tr><th>Messages</th></tr><tr><td><div class="messages">Click to see screenshot<br/><a target="blank" href=Wed_May_29_02_29_18_EDT_2019.jpg>Screenshot</a><br/><br><br/><br><br/><a target="blank" href=Wed_May_29_02_29_18_EDT_2019.jpg><img src=Wed_May_29_02_29_18_EDT_2019.jpg height=200 width=200</img></a></div></td></tr><tr><th>Exception</th></tr><tr><td><div class="stacktrace">java.lang.AssertionError: expected [8] but found [7]
	at com.frankbahar.errorcollectors.ErrorCollector.assertEquals(ErrorCollector.java:38)
	at com.frankbahar.errorcollectors.ErrorCollector.verifyEquals(ErrorCollector.java:102)
	at com.frankbahar.testcases.FlightSearchTest.flightSearchTest(FlightSearchTest.java:34)
... Removed 33 stack frames</div></td></tr></table><p class="totop"><a href="#summary">back to summary</a></p></body></html>